2024-10-16 18:56:10 - INFO - Ingesta completada correctamente.
2024-10-17 17:25:04 - INFO - Realizando conexion a la api https://api.euskadi.eus/culture/events/
2024-10-17 17:25:04 - DEBUG - Starting new HTTPS connection (1): api.euskadi.eus:443
2024-10-17 17:25:04 - DEBUG - https://api.euskadi.eus:443 "GET /culture/events/v1.0/eventType HTTP/11" 200 None
2024-10-17 17:25:04 - INFO - Peticion a v1.0/eventType realizada correctamente.
2024-10-17 17:25:04 - INFO - ID de Cine y audiovisuales: 9
2024-10-17 17:25:04 - DEBUG - Starting new HTTPS connection (1): api.euskadi.eus:443
2024-10-17 17:25:05 - DEBUG - https://api.euskadi.eus:443 "GET /culture/events/v1.0/events/byType/9 HTTP/11" 200 None
2024-10-17 17:25:05 - INFO - Peticion a v1.0/events/byType/9 realizada correctamente.
2024-10-17 17:25:05 - DEBUG - Starting new HTTPS connection (1): api.euskadi.eus:443
2024-10-17 17:25:05 - DEBUG - https://api.euskadi.eus:443 "GET /culture/events/v1.0/events/byType/9?_page=2 HTTP/11" 200 None
2024-10-17 17:25:06 - DEBUG - Starting new HTTPS connection (1): api.euskadi.eus:443
2024-10-17 17:25:06 - DEBUG - https://api.euskadi.eus:443 "GET /culture/events/v1.0/events/byType/9?_page=3 HTTP/11" 200 None
2024-10-17 17:25:06 - DEBUG - Starting new HTTPS connection (1): api.euskadi.eus:443
2024-10-17 17:25:06 - DEBUG - https://api.euskadi.eus:443 "GET /culture/events/v1.0/events/byType/9?_page=4 HTTP/11" 200 None
2024-10-17 17:25:06 - DEBUG - Starting new HTTPS connection (1): api.euskadi.eus:443
2024-10-17 17:25:06 - DEBUG - https://api.euskadi.eus:443 "GET /culture/events/v1.0/events/byType/9?_page=5 HTTP/11" 200 None
2024-10-17 17:25:07 - DEBUG - Starting new HTTPS connection (1): api.euskadi.eus:443
2024-10-17 17:25:07 - DEBUG - https://api.euskadi.eus:443 "GET /culture/events/v1.0/events/byType/9?_page=6 HTTP/11" 200 None
2024-10-17 17:25:07 - DEBUG - Starting new HTTPS connection (1): api.euskadi.eus:443
2024-10-17 17:25:07 - DEBUG - https://api.euskadi.eus:443 "GET /culture/events/v1.0/events/byType/9?_page=7 HTTP/11" 200 None
2024-10-17 17:25:07 - DEBUG - Starting new HTTPS connection (1): api.euskadi.eus:443
2024-10-17 17:25:07 - DEBUG - https://api.euskadi.eus:443 "GET /culture/events/v1.0/events/byType/9?_page=8 HTTP/11" 200 None
2024-10-17 17:25:07 - DEBUG - Starting new HTTPS connection (1): api.euskadi.eus:443
2024-10-17 17:25:08 - DEBUG - https://api.euskadi.eus:443 "GET /culture/events/v1.0/events/byType/9?_page=9 HTTP/11" 200 None
2024-10-17 17:25:08 - DEBUG - Starting new HTTPS connection (1): api.euskadi.eus:443
2024-10-17 17:25:08 - DEBUG - https://api.euskadi.eus:443 "GET /culture/events/v1.0/events/byType/9?_page=10 HTTP/11" 200 None
2024-10-17 17:25:08 - DEBUG - Starting new HTTPS connection (1): api.euskadi.eus:443
2024-10-17 17:25:08 - DEBUG - https://api.euskadi.eus:443 "GET /culture/events/v1.0/events/byType/9?_page=11 HTTP/11" 200 None
2024-10-17 17:25:08 - DEBUG - Starting new HTTPS connection (1): api.euskadi.eus:443
2024-10-17 17:25:09 - DEBUG - https://api.euskadi.eus:443 "GET /culture/events/v1.0/events/byType/9?_page=12 HTTP/11" 200 None
2024-10-17 17:25:09 - DEBUG - Starting new HTTPS connection (1): api.euskadi.eus:443
2024-10-17 17:25:09 - DEBUG - https://api.euskadi.eus:443 "GET /culture/events/v1.0/events/byType/9?_page=13 HTTP/11" 200 None
2024-10-17 17:25:09 - DEBUG - Starting new HTTPS connection (1): api.euskadi.eus:443
2024-10-17 17:25:09 - DEBUG - https://api.euskadi.eus:443 "GET /culture/events/v1.0/events/byType/9?_page=14 HTTP/11" 200 None
2024-10-17 17:25:09 - DEBUG - Starting new HTTPS connection (1): api.euskadi.eus:443
2024-10-17 17:25:10 - DEBUG - https://api.euskadi.eus:443 "GET /culture/events/v1.0/events/byType/9?_page=15 HTTP/11" 200 None
2024-10-17 17:25:10 - DEBUG - Starting new HTTPS connection (1): api.euskadi.eus:443
2024-10-17 17:25:10 - DEBUG - https://api.euskadi.eus:443 "GET /culture/events/v1.0/events/byType/9?_page=16 HTTP/11" 200 None
2024-10-17 17:25:10 - DEBUG - Starting new HTTPS connection (1): api.euskadi.eus:443
2024-10-17 17:25:10 - DEBUG - https://api.euskadi.eus:443 "GET /culture/events/v1.0/events/byType/9?_page=17 HTTP/11" 200 None
2024-10-17 17:25:10 - DEBUG - Starting new HTTPS connection (1): api.euskadi.eus:443
2024-10-17 17:25:11 - DEBUG - https://api.euskadi.eus:443 "GET /culture/events/v1.0/events/byType/9?_page=18 HTTP/11" 200 None
2024-10-17 17:25:11 - DEBUG - Starting new HTTPS connection (1): api.euskadi.eus:443
2024-10-17 17:25:11 - DEBUG - https://api.euskadi.eus:443 "GET /culture/events/v1.0/events/byType/9?_page=19 HTTP/11" 200 None
2024-10-17 17:25:11 - DEBUG - Starting new HTTPS connection (1): api.euskadi.eus:443
2024-10-17 17:25:11 - DEBUG - https://api.euskadi.eus:443 "GET /culture/events/v1.0/events/byType/9?_page=20 HTTP/11" 200 None
2024-10-17 17:25:11 - DEBUG - Starting new HTTPS connection (1): api.euskadi.eus:443
2024-10-17 17:25:12 - DEBUG - https://api.euskadi.eus:443 "GET /culture/events/v1.0/events/byType/9?_page=21 HTTP/11" 200 None
2024-10-17 17:25:12 - DEBUG - Starting new HTTPS connection (1): api.euskadi.eus:443
2024-10-17 17:25:12 - DEBUG - https://api.euskadi.eus:443 "GET /culture/events/v1.0/events/byType/9?_page=22 HTTP/11" 200 None
2024-10-17 17:25:12 - DEBUG - Starting new HTTPS connection (1): api.euskadi.eus:443
2024-10-17 17:25:12 - DEBUG - https://api.euskadi.eus:443 "GET /culture/events/v1.0/events/byType/9?_page=23 HTTP/11" 200 None
2024-10-17 17:25:12 - DEBUG - Starting new HTTPS connection (1): api.euskadi.eus:443
2024-10-17 17:25:13 - DEBUG - https://api.euskadi.eus:443 "GET /culture/events/v1.0/events/byType/9?_page=24 HTTP/11" 200 None
2024-10-17 17:25:13 - DEBUG - Starting new HTTPS connection (1): api.euskadi.eus:443
2024-10-17 17:25:13 - DEBUG - https://api.euskadi.eus:443 "GET /culture/events/v1.0/events/byType/9?_page=25 HTTP/11" 200 None
2024-10-17 17:25:13 - DEBUG - Starting new HTTPS connection (1): api.euskadi.eus:443
2024-10-17 17:25:13 - DEBUG - https://api.euskadi.eus:443 "GET /culture/events/v1.0/events/byType/9?_page=26 HTTP/11" 200 None
2024-10-17 17:25:13 - DEBUG - Starting new HTTPS connection (1): api.euskadi.eus:443
2024-10-17 17:25:14 - DEBUG - https://api.euskadi.eus:443 "GET /culture/events/v1.0/events/byType/9?_page=27 HTTP/11" 200 None
2024-10-17 17:25:14 - DEBUG - Starting new HTTPS connection (1): api.euskadi.eus:443
2024-10-17 17:25:14 - DEBUG - https://api.euskadi.eus:443 "GET /culture/events/v1.0/events/byType/9?_page=28 HTTP/11" 200 None
2024-10-17 17:25:14 - INFO - ID de Actividad Infantil: 14
2024-10-17 17:25:14 - DEBUG - Starting new HTTPS connection (1): api.euskadi.eus:443
2024-10-17 17:25:14 - DEBUG - https://api.euskadi.eus:443 "GET /culture/events/v1.0/events/byType/14 HTTP/11" 200 None
2024-10-17 17:25:14 - INFO - Peticion a v1.0/events/byType/14 realizada correctamente.
2024-10-17 17:25:14 - DEBUG - Starting new HTTPS connection (1): api.euskadi.eus:443
2024-10-17 17:25:14 - DEBUG - https://api.euskadi.eus:443 "GET /culture/events/v1.0/events/byType/14?_page=2 HTTP/11" 200 None
2024-10-17 17:25:14 - INFO - Archivo json generado correctamente.
2024-10-17 17:25:14 - INFO - Ingesta completada correctamente.
