2024/11/12 20:32:12 - DEBUG - Starting new HTTPS connection (1): www.blogdepelis.top:443
2024/11/12 20:32:12 - DEBUG - https://www.blogdepelis.top:443 "GET / HTTP/11" 200 None
2024/11/12 20:32:12 - INFO - RECORRIENDO CATEGORIA Acción
2024/11/12 20:32:13 - DEBUG - https://www.blogdepelis.top:443 "GET /category/accion HTTP/11" 200 None
2024/11/12 20:32:13 - INFO - COMENZANDO A RECORRER PAGINAS (81) DE LA CATEGORIA Acción
2024/11/12 20:32:13 - INFO - RECORRIENDO PAGINA 1 DE LA CATEGORIA Acción
2024/11/12 20:32:13 - DEBUG - https://www.blogdepelis.top:443 "GET /category/accion/ HTTP/11" 301 None
2024/11/12 20:32:13 - DEBUG - https://www.blogdepelis.top:443 "GET /category/accion HTTP/11" 200 None
2024/11/12 20:32:13 - INFO - SCRAPPEANDO PELICULA Libre (2024)
2024/11/12 20:32:25 - DEBUG - https://www.blogdepelis.top:443 "GET /libre.html HTTP/11" 200 None
2024/11/12 20:32:27 - DEBUG - Encoding detection: utf_8 is most likely the one.
2024/11/12 20:32:33 - DEBUG - Encoding detection: utf_8 is most likely the one.
2024/11/12 20:32:50 - DEBUG - Encoding detection: utf_8 is most likely the one.
2024/11/12 20:34:11 - INFO - PELICULA AÑADIDA Libre (2024)
2024/11/12 20:34:11 - DEBUG - Starting new HTTPS connection (1): api.themoviedb.org:443
2024/11/12 20:34:11 - DEBUG - https://api.themoviedb.org:443 "GET /3/search/movie?query=Libre&include_adult=false&language=es-ES&page=1 HTTP/11" 200 None
2024/11/12 20:34:11 - DEBUG - https://api.themoviedb.org:443 "GET /3/movie/1142518/credits?language=es-ES HTTP/11" 200 None
2024/11/12 20:34:11 - INFO - SCRAPPEANDO PELICULA Pokémon x siempre: Celebi, la voz del bosque (2001)
2024/11/12 20:34:12 - DEBUG - https://www.blogdepelis.top:443 "GET /pokemon-x-siempre-celebi-la-voz-del-bosque.html HTTP/11" 200 None
2024/11/12 20:34:12 - INFO - PELICULA AÑADIDA Pokémon x siempre: Celebi, la voz del bosque (2001)
2024/11/12 20:34:12 - DEBUG - https://api.themoviedb.org:443 "GET /3/search/movie?query=Pok%C3%A9mon%20x%20siempre:%20Celebi,%20la%20voz%20del%20bosque&include_adult=false&language=es-ES&page=1 HTTP/11" 200 None
2024/11/12 20:34:12 - DEBUG - https://api.themoviedb.org:443 "GET /3/movie/12600/credits?language=es-ES HTTP/11" 200 None
2024/11/12 20:34:12 - INFO - SCRAPPEANDO PELICULA Pokémon 3: El hechizo de los Unown (2000)
2024/11/12 20:34:14 - DEBUG - https://www.blogdepelis.top:443 "GET /pokemon-3-el-hechizo-de-los-unown.html HTTP/11" 200 None
2024/11/12 20:34:14 - INFO - PELICULA AÑADIDA Pokémon 3: El hechizo de los Unown (2000)
2024/11/12 20:34:14 - DEBUG - https://api.themoviedb.org:443 "GET /3/search/movie?query=Pok%C3%A9mon%203:%20El%20hechizo%20de%20los%20Unown&include_adult=false&language=es-ES&page=1 HTTP/11" 200 None
2024/11/12 20:34:14 - DEBUG - https://api.themoviedb.org:443 "GET /3/movie/10991/credits?language=es-ES HTTP/11" 200 None
2024/11/12 20:34:14 - INFO - SCRAPPEANDO PELICULA Canario negro (2024)
2024/11/12 20:34:15 - DEBUG - https://www.blogdepelis.top:443 "GET /canario-negro.html HTTP/11" 200 None
2024/11/12 20:34:15 - INFO - PELICULA AÑADIDA Canario negro (2024)
2024/11/12 20:34:15 - DEBUG - https://api.themoviedb.org:443 "GET /3/search/movie?query=Canario%20negro&include_adult=false&language=es-ES&page=1 HTTP/11" 200 None
2024/11/12 20:34:15 - DEBUG - https://api.themoviedb.org:443 "GET /3/movie/976734/credits?language=es-ES HTTP/11" 200 None
2024/11/12 20:34:15 - INFO - SCRAPPEANDO PELICULA Pokémon 2000: El Poder de Uno (1999)
2024/11/12 20:34:17 - DEBUG - https://www.blogdepelis.top:443 "GET /pokemon-2000-el-poder-de-uno.html HTTP/11" 200 None
2024/11/12 20:34:17 - INFO - PELICULA AÑADIDA Pokémon 2000: El Poder de Uno (1999)
2024/11/12 20:34:17 - DEBUG - https://api.themoviedb.org:443 "GET /3/search/movie?query=Pok%C3%A9mon%202000:%20El%20Poder%20de%20Uno&include_adult=false&language=es-ES&page=1 HTTP/11" 200 None
2024/11/12 20:34:17 - DEBUG - https://api.themoviedb.org:443 "GET /3/movie/12599/credits?language=es-ES HTTP/11" 200 None
2024/11/12 20:34:17 - INFO - SCRAPPEANDO PELICULA Transformers Uno (2024)
2024/11/12 20:34:19 - DEBUG - https://www.blogdepelis.top:443 "GET /transformers-uno.html HTTP/11" 200 None
2024/11/12 20:34:19 - INFO - PELICULA AÑADIDA Transformers Uno (2024)
2024/11/12 20:34:19 - DEBUG - https://api.themoviedb.org:443 "GET /3/search/movie?query=Transformers%20Uno&include_adult=false&language=es-ES&page=1 HTTP/11" 200 None
2024/11/12 20:34:19 - DEBUG - https://api.themoviedb.org:443 "GET /3/movie/667538/credits?language=es-ES HTTP/11" 200 None
2024/11/12 20:34:19 - INFO - SCRAPPEANDO PELICULA Fuera de las sombras (2024)
2024/11/12 20:34:21 - DEBUG - https://www.blogdepelis.top:443 "GET /fuera-de-las-sombras.html HTTP/11" 200 None
2024/11/12 20:34:21 - INFO - PELICULA AÑADIDA Fuera de las sombras (2024)
2024/11/12 20:34:21 - DEBUG - https://api.themoviedb.org:443 "GET /3/search/movie?query=Fuera%20de%20las%20sombras&include_adult=false&language=es-ES&page=1 HTTP/11" 200 None
2024/11/12 20:34:21 - DEBUG - https://api.themoviedb.org:443 "GET /3/movie/1151949/credits?language=es-ES HTTP/11" 200 None
2024/11/12 20:34:21 - INFO - SCRAPPEANDO PELICULA Hermanos (2024)
2024/11/12 20:34:22 - DEBUG - https://www.blogdepelis.top:443 "GET /hermanos.html HTTP/11" 200 None
2024/11/12 20:34:22 - INFO - PELICULA AÑADIDA Hermanos (2024)
2024/11/12 20:34:22 - DEBUG - https://api.themoviedb.org:443 "GET /3/search/movie?query=Hermanos&include_adult=false&language=es-ES&page=1 HTTP/11" 200 None
2024/11/12 20:34:22 - DEBUG - https://api.themoviedb.org:443 "GET /3/movie/616446/credits?language=es-ES HTTP/11" 200 None
2024/11/12 20:34:22 - INFO - SCRAPPEANDO PELICULA Hellboy: The Crooked Man (2024)
2024/11/12 20:34:24 - DEBUG - https://www.blogdepelis.top:443 "GET /hellboy-the-crooked-man.html HTTP/11" 200 None
2024/11/12 20:34:24 - INFO - PELICULA AÑADIDA Hellboy: The Crooked Man (2024)
2024/11/12 20:34:24 - DEBUG - https://api.themoviedb.org:443 "GET /3/search/movie?query=Hellboy:%20The%20Crooked%20Man&include_adult=false&language=es-ES&page=1 HTTP/11" 200 None
2024/11/12 20:34:24 - DEBUG - https://api.themoviedb.org:443 "GET /3/movie/1087822/credits?language=es-ES HTTP/11" 200 None
2024/11/12 20:34:24 - INFO - SCRAPPEANDO PELICULA Los tipos malos: ¿Truco o atraco? (2024)
2024/11/12 20:34:25 - DEBUG - https://www.blogdepelis.top:443 "GET /los-tipos-malos-truco-o-atraco.html HTTP/11" 200 None
2024/11/12 20:34:25 - INFO - PELICULA AÑADIDA Los tipos malos: ¿Truco o atraco? (2024)
2024/11/12 20:34:25 - DEBUG - https://api.themoviedb.org:443 "GET /3/search/movie?query=Los%20tipos%20malos:%20%C2%BFTruco%20o%20atraco?&include_adult=false&language=es-ES&page=1 HTTP/11" 200 None
2024/11/12 20:34:25 - DEBUG - https://api.themoviedb.org:443 "GET /3/movie/1329336/credits?language=es-ES HTTP/11" 200 None
2024/11/12 20:34:25 - INFO - SCRAPPEANDO PELICULA Problemas… (2024)
2024/11/12 20:34:26 - DEBUG - https://www.blogdepelis.top:443 "GET /problemas.html HTTP/11" 200 None
2024/11/12 20:34:26 - INFO - PELICULA AÑADIDA Problemas… (2024)
2024/11/12 20:34:26 - DEBUG - https://api.themoviedb.org:443 "GET /3/search/movie?query=Problemas%E2%80%A6&include_adult=false&language=es-ES&page=1 HTTP/11" 200 None
2024/11/12 20:34:26 - DEBUG - https://api.themoviedb.org:443 "GET /3/movie/1210794/credits?language=es-ES HTTP/11" 200 None
2024/11/12 20:34:26 - INFO - SCRAPPEANDO PELICULA Elektra (2005)
2024/11/12 20:34:28 - DEBUG - https://www.blogdepelis.top:443 "GET /elektra.html HTTP/11" 200 None
2024/11/12 20:34:28 - INFO - PELICULA AÑADIDA Elektra (2005)
2024/11/12 20:34:28 - DEBUG - https://api.themoviedb.org:443 "GET /3/search/movie?query=Elektra&include_adult=false&language=es-ES&page=1 HTTP/11" 200 None
2024/11/12 20:34:28 - DEBUG - https://api.themoviedb.org:443 "GET /3/movie/9947/credits?language=es-ES HTTP/11" 200 None
2024/11/12 20:34:28 - INFO - RECORRIENDO PAGINA 2 DE LA CATEGORIA Acción
2024/11/12 20:34:28 - DEBUG - https://www.blogdepelis.top:443 "GET /category/accion/page/2 HTTP/11" 200 None
2024/11/12 20:34:28 - INFO - SCRAPPEANDO PELICULA Gatúbela (2004)
2024/11/12 20:34:29 - DEBUG - https://www.blogdepelis.top:443 "GET /gatubela.html HTTP/11" 200 None
2024/11/12 20:34:29 - INFO - PELICULA AÑADIDA Gatúbela (2004)
2024/11/12 20:34:29 - DEBUG - https://api.themoviedb.org:443 "GET /3/search/movie?query=Gat%C3%BAbela&include_adult=false&language=es-ES&page=1 HTTP/11" 200 None
2024/11/12 20:34:29 - DEBUG - https://api.themoviedb.org:443 "GET /3/movie/862491/credits?language=es-ES HTTP/11" 200 None
2024/11/12 20:34:29 - INFO - SCRAPPEANDO PELICULA Miedo profundo (2016)
2024/11/12 20:34:31 - DEBUG - https://www.blogdepelis.top:443 "GET /miedo-profundo.html HTTP/11" 200 None
2024/11/12 20:34:31 - INFO - PELICULA AÑADIDA Miedo profundo (2016)
2024/11/12 20:34:31 - DEBUG - https://api.themoviedb.org:443 "GET /3/search/movie?query=Miedo%20profundo&include_adult=false&language=es-ES&page=1 HTTP/11" 200 None
2024/11/12 20:34:31 - DEBUG - https://api.themoviedb.org:443 "GET /3/movie/899445/credits?language=es-ES HTTP/11" 200 None
2024/11/12 20:34:31 - INFO - SCRAPPEANDO PELICULA Watchmen: Capítulo 1 (2024)
2024/11/12 20:34:32 - DEBUG - https://www.blogdepelis.top:443 "GET /watchmen-capitulo-1.html HTTP/11" 200 None
2024/11/12 20:34:32 - INFO - PELICULA AÑADIDA Watchmen: Capítulo 1 (2024)
2024/11/12 20:34:32 - DEBUG - https://api.themoviedb.org:443 "GET /3/search/movie?query=Watchmen:%20Cap%C3%ADtulo%201&include_adult=false&language=es-ES&page=1 HTTP/11" 200 None
2024/11/12 20:34:32 - DEBUG - https://api.themoviedb.org:443 "GET /3/movie/1155058/credits?language=es-ES HTTP/11" 200 None
2024/11/12 20:34:32 - INFO - SCRAPPEANDO PELICULA Agatha en todas partes – Temporada 1 (2024)
2024/11/12 20:34:35 - DEBUG - https://www.blogdepelis.top:443 "GET /agatha-en-todas-partes-temporada-1.html HTTP/11" 200 None
2024/11/12 20:34:35 - INFO - PELICULA AÑADIDA Agatha en todas partes – Temporada 1 (2024)
2024/11/12 20:34:35 - DEBUG - https://api.themoviedb.org:443 "GET /3/search/movie?query=Agatha%20en%20todas%20partes&include_adult=false&language=es-ES&page=1 HTTP/11" 200 None
2024/11/12 20:34:35 - CRITICAL - ERROR INESPERADO: list index out of range
